{"/home/node/WebstormProjects/wb-aviation/src/App.jsx": {"path":"/home/node/WebstormProjects/wb-aviation/src/App.jsx","statementMap":{"0":{"start":{"line":10,"column":21},"end":{"line":117,"column":null}},"1":{"start":{"line":120,"column":46},"end":{"line":120,"column":null}},"2":{"start":{"line":121,"column":28},"end":{"line":131,"column":null}},"3":{"start":{"line":133,"column":29},"end":{"line":135,"column":null}},"4":{"start":{"line":134,"column":4},"end":{"line":134,"column":null}},"5":{"start":{"line":134,"column":26},"end":{"line":134,"column":54}},"6":{"start":{"line":137,"column":33},"end":{"line":198,"column":null}},"7":{"start":{"line":138,"column":4},"end":{"line":138,"column":null}},"8":{"start":{"line":138,"column":27},"end":{"line":138,"column":null}},"9":{"start":{"line":140,"column":21},"end":{"line":140,"column":null}},"10":{"start":{"line":142,"column":24},"end":{"line":142,"column":null}},"11":{"start":{"line":143,"column":26},"end":{"line":143,"column":null}},"12":{"start":{"line":144,"column":29},"end":{"line":144,"column":null}},"13":{"start":{"line":145,"column":29},"end":{"line":145,"column":null}},"14":{"start":{"line":146,"column":29},"end":{"line":146,"column":null}},"15":{"start":{"line":147,"column":29},"end":{"line":147,"column":null}},"16":{"start":{"line":148,"column":27},"end":{"line":148,"column":null}},"17":{"start":{"line":149,"column":27},"end":{"line":149,"column":null}},"18":{"start":{"line":150,"column":23},"end":{"line":150,"column":null}},"19":{"start":{"line":152,"column":24},"end":{"line":152,"column":null}},"20":{"start":{"line":153,"column":24},"end":{"line":153,"column":null}},"21":{"start":{"line":154,"column":26},"end":{"line":154,"column":null}},"22":{"start":{"line":155,"column":29},"end":{"line":155,"column":null}},"23":{"start":{"line":156,"column":29},"end":{"line":156,"column":null}},"24":{"start":{"line":157,"column":29},"end":{"line":157,"column":null}},"25":{"start":{"line":158,"column":29},"end":{"line":158,"column":null}},"26":{"start":{"line":159,"column":27},"end":{"line":159,"column":null}},"27":{"start":{"line":160,"column":27},"end":{"line":160,"column":null}},"28":{"start":{"line":161,"column":23},"end":{"line":161,"column":null}},"29":{"start":{"line":164,"column":6},"end":{"line":173,"column":null}},"30":{"start":{"line":176,"column":6},"end":{"line":177,"column":null}},"31":{"start":{"line":179,"column":28},"end":{"line":179,"column":null}},"32":{"start":{"line":181,"column":23},"end":{"line":181,"column":null}},"33":{"start":{"line":182,"column":19},"end":{"line":182,"column":null}},"34":{"start":{"line":185,"column":25},"end":{"line":185,"column":null}},"35":{"start":{"line":187,"column":4},"end":{"line":197,"column":null}},"36":{"start":{"line":201,"column":35},"end":{"line":264,"column":null}},"37":{"start":{"line":202,"column":26},"end":{"line":202,"column":null}},"38":{"start":{"line":203,"column":21},"end":{"line":203,"column":null}},"39":{"start":{"line":204,"column":28},"end":{"line":204,"column":null}},"40":{"start":{"line":207,"column":30},"end":{"line":207,"column":null}},"41":{"start":{"line":208,"column":4},"end":{"line":214,"column":null}},"42":{"start":{"line":209,"column":6},"end":{"line":213,"column":null}},"43":{"start":{"line":217,"column":28},"end":{"line":217,"column":null}},"44":{"start":{"line":218,"column":24},"end":{"line":218,"column":null}},"45":{"start":{"line":220,"column":4},"end":{"line":226,"column":null}},"46":{"start":{"line":221,"column":6},"end":{"line":225,"column":null}},"47":{"start":{"line":228,"column":4},"end":{"line":234,"column":null}},"48":{"start":{"line":229,"column":6},"end":{"line":233,"column":null}},"49":{"start":{"line":237,"column":4},"end":{"line":242,"column":null}},"50":{"start":{"line":238,"column":6},"end":{"line":241,"column":null}},"51":{"start":{"line":245,"column":28},"end":{"line":245,"column":null}},"52":{"start":{"line":246,"column":4},"end":{"line":252,"column":null}},"53":{"start":{"line":247,"column":6},"end":{"line":251,"column":null}},"54":{"start":{"line":254,"column":4},"end":{"line":263,"column":null}},"55":{"start":{"line":267,"column":28},"end":{"line":284,"column":null}},"56":{"start":{"line":268,"column":17},"end":{"line":268,"column":null}},"57":{"start":{"line":269,"column":12},"end":{"line":269,"column":null}},"58":{"start":{"line":271,"column":4},"end":{"line":281,"column":null}},"59":{"start":{"line":271,"column":17},"end":{"line":271,"column":20}},"60":{"start":{"line":272,"column":17},"end":{"line":272,"column":null}},"61":{"start":{"line":273,"column":17},"end":{"line":273,"column":null}},"62":{"start":{"line":274,"column":17},"end":{"line":274,"column":null}},"63":{"start":{"line":275,"column":17},"end":{"line":275,"column":null}},"64":{"start":{"line":277,"column":6},"end":{"line":279,"column":null}},"65":{"start":{"line":278,"column":8},"end":{"line":278,"column":null}},"66":{"start":{"line":280,"column":6},"end":{"line":280,"column":null}},"67":{"start":{"line":283,"column":4},"end":{"line":283,"column":null}},"68":{"start":{"line":286,"column":18},"end":{"line":286,"column":null}},"69":{"start":{"line":288,"column":26},"end":{"line":290,"column":null}},"70":{"start":{"line":292,"column":2},"end":{"line":671,"column":null}},"71":{"start":{"line":333,"column":37},"end":{"line":333,"column":null}},"72":{"start":{"line":343,"column":37},"end":{"line":343,"column":null}},"73":{"start":{"line":356,"column":37},"end":{"line":356,"column":null}},"74":{"start":{"line":366,"column":37},"end":{"line":366,"column":null}},"75":{"start":{"line":379,"column":37},"end":{"line":379,"column":null}},"76":{"start":{"line":389,"column":37},"end":{"line":389,"column":null}},"77":{"start":{"line":402,"column":37},"end":{"line":402,"column":null}},"78":{"start":{"line":412,"column":37},"end":{"line":412,"column":null}},"79":{"start":{"line":424,"column":35},"end":{"line":424,"column":null}},"80":{"start":{"line":536,"column":24},"end":{"line":552,"column":null}},"81":{"start":{"line":557,"column":24},"end":{"line":562,"column":null}},"82":{"start":{"line":628,"column":30},"end":{"line":628,"column":null}},"83":{"start":{"line":637,"column":32},"end":{"line":637,"column":null}}},"fnMap":{"0":{"name":"App","decl":{"start":{"line":119,"column":24},"end":{"line":119,"column":30}},"loc":{"start":{"line":119,"column":30},"end":{"line":673,"column":null}},"line":119},"1":{"name":"(anonymous_1)","decl":{"start":{"line":133,"column":29},"end":{"line":133,"column":30}},"loc":{"start":{"line":133,"column":47},"end":{"line":135,"column":null}},"line":133},"2":{"name":"(anonymous_2)","decl":{"start":{"line":134,"column":15},"end":{"line":134,"column":16}},"loc":{"start":{"line":134,"column":26},"end":{"line":134,"column":54}},"line":134},"3":{"name":"(anonymous_3)","decl":{"start":{"line":137,"column":33},"end":{"line":137,"column":39}},"loc":{"start":{"line":137,"column":39},"end":{"line":198,"column":null}},"line":137},"4":{"name":"(anonymous_4)","decl":{"start":{"line":201,"column":35},"end":{"line":201,"column":36}},"loc":{"start":{"line":201,"column":79},"end":{"line":264,"column":null}},"line":201},"5":{"name":"(anonymous_5)","decl":{"start":{"line":267,"column":28},"end":{"line":267,"column":29}},"loc":{"start":{"line":267,"column":60},"end":{"line":284,"column":null}},"line":267},"6":{"name":"(anonymous_6)","decl":{"start":{"line":333,"column":30},"end":{"line":333,"column":31}},"loc":{"start":{"line":333,"column":37},"end":{"line":333,"column":null}},"line":333},"7":{"name":"(anonymous_7)","decl":{"start":{"line":343,"column":30},"end":{"line":343,"column":31}},"loc":{"start":{"line":343,"column":37},"end":{"line":343,"column":null}},"line":343},"8":{"name":"(anonymous_8)","decl":{"start":{"line":356,"column":30},"end":{"line":356,"column":31}},"loc":{"start":{"line":356,"column":37},"end":{"line":356,"column":null}},"line":356},"9":{"name":"(anonymous_9)","decl":{"start":{"line":366,"column":30},"end":{"line":366,"column":31}},"loc":{"start":{"line":366,"column":37},"end":{"line":366,"column":null}},"line":366},"10":{"name":"(anonymous_10)","decl":{"start":{"line":379,"column":30},"end":{"line":379,"column":31}},"loc":{"start":{"line":379,"column":37},"end":{"line":379,"column":null}},"line":379},"11":{"name":"(anonymous_11)","decl":{"start":{"line":389,"column":30},"end":{"line":389,"column":31}},"loc":{"start":{"line":389,"column":37},"end":{"line":389,"column":null}},"line":389},"12":{"name":"(anonymous_12)","decl":{"start":{"line":402,"column":30},"end":{"line":402,"column":31}},"loc":{"start":{"line":402,"column":37},"end":{"line":402,"column":null}},"line":402},"13":{"name":"(anonymous_13)","decl":{"start":{"line":412,"column":30},"end":{"line":412,"column":31}},"loc":{"start":{"line":412,"column":37},"end":{"line":412,"column":null}},"line":412},"14":{"name":"(anonymous_14)","decl":{"start":{"line":424,"column":28},"end":{"line":424,"column":29}},"loc":{"start":{"line":424,"column":35},"end":{"line":424,"column":null}},"line":424},"15":{"name":"(anonymous_15)","decl":{"start":{"line":535,"column":57},"end":{"line":535,"column":58}},"loc":{"start":{"line":536,"column":24},"end":{"line":552,"column":null}},"line":536},"16":{"name":"(anonymous_16)","decl":{"start":{"line":556,"column":64},"end":{"line":556,"column":65}},"loc":{"start":{"line":557,"column":24},"end":{"line":562,"column":null}},"line":557},"17":{"name":"(anonymous_17)","decl":{"start":{"line":627,"column":66},"end":{"line":627,"column":67}},"loc":{"start":{"line":628,"column":30},"end":{"line":628,"column":null}},"line":628},"18":{"name":"(anonymous_18)","decl":{"start":{"line":636,"column":78},"end":{"line":636,"column":79}},"loc":{"start":{"line":637,"column":32},"end":{"line":637,"column":null}},"line":637}},"branchMap":{"0":{"loc":{"start":{"line":138,"column":4},"end":{"line":138,"column":null}},"type":"if","locations":[{"start":{"line":138,"column":4},"end":{"line":138,"column":null}},{"start":{},"end":{}}],"line":138},"1":{"loc":{"start":{"line":142,"column":24},"end":{"line":142,"column":null}},"type":"binary-expr","locations":[{"start":{"line":142,"column":24},"end":{"line":142,"column":60}},{"start":{"line":142,"column":60},"end":{"line":142,"column":null}}],"line":142},"2":{"loc":{"start":{"line":143,"column":26},"end":{"line":143,"column":null}},"type":"binary-expr","locations":[{"start":{"line":143,"column":26},"end":{"line":143,"column":64}},{"start":{"line":143,"column":64},"end":{"line":143,"column":null}}],"line":143},"3":{"loc":{"start":{"line":144,"column":29},"end":{"line":144,"column":null}},"type":"binary-expr","locations":[{"start":{"line":144,"column":29},"end":{"line":144,"column":70}},{"start":{"line":144,"column":70},"end":{"line":144,"column":null}}],"line":144},"4":{"loc":{"start":{"line":145,"column":29},"end":{"line":145,"column":null}},"type":"binary-expr","locations":[{"start":{"line":145,"column":29},"end":{"line":145,"column":70}},{"start":{"line":145,"column":70},"end":{"line":145,"column":null}}],"line":145},"5":{"loc":{"start":{"line":146,"column":29},"end":{"line":146,"column":null}},"type":"binary-expr","locations":[{"start":{"line":146,"column":29},"end":{"line":146,"column":70}},{"start":{"line":146,"column":70},"end":{"line":146,"column":null}}],"line":146},"6":{"loc":{"start":{"line":147,"column":29},"end":{"line":147,"column":null}},"type":"binary-expr","locations":[{"start":{"line":147,"column":29},"end":{"line":147,"column":70}},{"start":{"line":147,"column":70},"end":{"line":147,"column":null}}],"line":147},"7":{"loc":{"start":{"line":148,"column":27},"end":{"line":148,"column":null}},"type":"binary-expr","locations":[{"start":{"line":148,"column":27},"end":{"line":148,"column":66}},{"start":{"line":148,"column":66},"end":{"line":148,"column":null}}],"line":148},"8":{"loc":{"start":{"line":149,"column":27},"end":{"line":149,"column":null}},"type":"binary-expr","locations":[{"start":{"line":149,"column":27},"end":{"line":149,"column":66}},{"start":{"line":149,"column":66},"end":{"line":149,"column":null}}],"line":149},"9":{"loc":{"start":{"line":150,"column":23},"end":{"line":150,"column":null}},"type":"binary-expr","locations":[{"start":{"line":150,"column":23},"end":{"line":150,"column":58}},{"start":{"line":150,"column":58},"end":{"line":150,"column":null}}],"line":150},"10":{"loc":{"start":{"line":208,"column":4},"end":{"line":214,"column":null}},"type":"if","locations":[{"start":{"line":208,"column":4},"end":{"line":214,"column":null}},{"start":{},"end":{}}],"line":208},"11":{"loc":{"start":{"line":220,"column":4},"end":{"line":226,"column":null}},"type":"if","locations":[{"start":{"line":220,"column":4},"end":{"line":226,"column":null}},{"start":{},"end":{}}],"line":220},"12":{"loc":{"start":{"line":228,"column":4},"end":{"line":234,"column":null}},"type":"if","locations":[{"start":{"line":228,"column":4},"end":{"line":234,"column":null}},{"start":{},"end":{}}],"line":228},"13":{"loc":{"start":{"line":237,"column":4},"end":{"line":242,"column":null}},"type":"if","locations":[{"start":{"line":237,"column":4},"end":{"line":242,"column":null}},{"start":{},"end":{}}],"line":237},"14":{"loc":{"start":{"line":246,"column":4},"end":{"line":252,"column":null}},"type":"if","locations":[{"start":{"line":246,"column":4},"end":{"line":252,"column":null}},{"start":{},"end":{}}],"line":246},"15":{"loc":{"start":{"line":249,"column":26},"end":{"line":249,"column":107}},"type":"cond-expr","locations":[{"start":{"line":249,"column":67},"end":{"line":249,"column":96}},{"start":{"line":249,"column":96},"end":{"line":249,"column":107}}],"line":249},"16":{"loc":{"start":{"line":277,"column":6},"end":{"line":279,"column":null}},"type":"if","locations":[{"start":{"line":277,"column":6},"end":{"line":279,"column":null}},{"start":{},"end":{}}],"line":277},"17":{"loc":{"start":{"line":277,"column":12},"end":{"line":277,"column":98}},"type":"binary-expr","locations":[{"start":{"line":277,"column":12},"end":{"line":277,"column":48}},{"start":{"line":277,"column":48},"end":{"line":277,"column":98}}],"line":277},"18":{"loc":{"start":{"line":436,"column":15},"end":{"line":666,"column":null}},"type":"cond-expr","locations":[{"start":{"line":437,"column":16},"end":{"line":440,"column":null}},{"start":{"line":441,"column":18},"end":{"line":666,"column":null}}],"line":436},"19":{"loc":{"start":{"line":441,"column":18},"end":{"line":666,"column":null}},"type":"cond-expr","locations":[{"start":{"line":442,"column":16},"end":{"line":665,"column":null}},{"start":{"line":666,"column":18},"end":{"line":666,"column":null}}],"line":441},"20":{"loc":{"start":{"line":457,"column":23},"end":{"line":482,"column":null}},"type":"binary-expr","locations":[{"start":{"line":457,"column":23},"end":{"line":457,"column":null}},{"start":{"line":458,"column":24},"end":{"line":482,"column":null}}],"line":457},"21":{"loc":{"start":{"line":474,"column":39},"end":{"line":475,"column":null}},"type":"cond-expr","locations":[{"start":{"line":474,"column":98},"end":{"line":474,"column":null}},{"start":{"line":475,"column":37},"end":{"line":475,"column":null}}],"line":474},"22":{"loc":{"start":{"line":475,"column":37},"end":{"line":475,"column":null}},"type":"cond-expr","locations":[{"start":{"line":475,"column":95},"end":{"line":475,"column":109}},{"start":{"line":475,"column":109},"end":{"line":475,"column":null}}],"line":475},"23":{"loc":{"start":{"line":478,"column":31},"end":{"line":479,"column":null}},"type":"cond-expr","locations":[{"start":{"line":478,"column":90},"end":{"line":478,"column":null}},{"start":{"line":479,"column":31},"end":{"line":479,"column":null}}],"line":478},"24":{"loc":{"start":{"line":479,"column":31},"end":{"line":479,"column":null}},"type":"cond-expr","locations":[{"start":{"line":479,"column":89},"end":{"line":479,"column":101}},{"start":{"line":479,"column":101},"end":{"line":479,"column":null}}],"line":479},"25":{"loc":{"start":{"line":494,"column":25},"end":{"line":503,"column":null}},"type":"cond-expr","locations":[{"start":{"line":495,"column":26},"end":{"line":498,"column":null}},{"start":{"line":500,"column":26},"end":{"line":503,"column":null}}],"line":494},"26":{"loc":{"start":{"line":512,"column":25},"end":{"line":521,"column":null}},"type":"cond-expr","locations":[{"start":{"line":513,"column":26},"end":{"line":516,"column":null}},{"start":{"line":518,"column":26},"end":{"line":521,"column":null}}],"line":512},"27":{"loc":{"start":{"line":530,"column":19},"end":{"line":576,"column":null}},"type":"binary-expr","locations":[{"start":{"line":530,"column":19},"end":{"line":530,"column":44}},{"start":{"line":530,"column":44},"end":{"line":530,"column":88}},{"start":{"line":530,"column":88},"end":{"line":530,"column":null}},{"start":{"line":531,"column":20},"end":{"line":576,"column":null}}],"line":530},"28":{"loc":{"start":{"line":539,"column":28},"end":{"line":541,"column":null}},"type":"cond-expr","locations":[{"start":{"line":539,"column":58},"end":{"line":539,"column":null}},{"start":{"line":540,"column":28},"end":{"line":541,"column":null}}],"line":539},"29":{"loc":{"start":{"line":540,"column":28},"end":{"line":541,"column":null}},"type":"cond-expr","locations":[{"start":{"line":540,"column":60},"end":{"line":540,"column":null}},{"start":{"line":541,"column":28},"end":{"line":541,"column":null}}],"line":540},"30":{"loc":{"start":{"line":546,"column":30},"end":{"line":548,"column":null}},"type":"cond-expr","locations":[{"start":{"line":546,"column":60},"end":{"line":546,"column":null}},{"start":{"line":547,"column":30},"end":{"line":548,"column":null}}],"line":546},"31":{"loc":{"start":{"line":547,"column":30},"end":{"line":548,"column":null}},"type":"cond-expr","locations":[{"start":{"line":547,"column":62},"end":{"line":547,"column":null}},{"start":{"line":548,"column":30},"end":{"line":548,"column":null}}],"line":547},"32":{"loc":{"start":{"line":582,"column":21},"end":{"line":596,"column":null}},"type":"cond-expr","locations":[{"start":{"line":583,"column":22},"end":{"line":587,"column":null}},{"start":{"line":589,"column":22},"end":{"line":596,"column":null}}],"line":582},"33":{"loc":{"start":{"line":582,"column":21},"end":{"line":582,"column":null}},"type":"binary-expr","locations":[{"start":{"line":582,"column":21},"end":{"line":582,"column":43}},{"start":{"line":582,"column":43},"end":{"line":582,"column":null}}],"line":582},"34":{"loc":{"start":{"line":593,"column":27},"end":{"line":593,"column":null}},"type":"binary-expr","locations":[{"start":{"line":593,"column":27},"end":{"line":593,"column":50}},{"start":{"line":593,"column":50},"end":{"line":593,"column":null}}],"line":593},"35":{"loc":{"start":{"line":594,"column":27},"end":{"line":594,"column":null}},"type":"binary-expr","locations":[{"start":{"line":594,"column":27},"end":{"line":594,"column":46}},{"start":{"line":594,"column":46},"end":{"line":594,"column":null}}],"line":594},"36":{"loc":{"start":{"line":616,"column":19},"end":{"line":663,"column":null}},"type":"binary-expr","locations":[{"start":{"line":616,"column":19},"end":{"line":616,"column":null}},{"start":{"line":617,"column":20},"end":{"line":663,"column":null}}],"line":616},"37":{"loc":{"start":{"line":632,"column":25},"end":{"line":640,"column":null}},"type":"binary-expr","locations":[{"start":{"line":632,"column":25},"end":{"line":632,"column":null}},{"start":{"line":633,"column":26},"end":{"line":640,"column":null}}],"line":632},"38":{"loc":{"start":{"line":643,"column":25},"end":{"line":655,"column":null}},"type":"binary-expr","locations":[{"start":{"line":643,"column":25},"end":{"line":643,"column":null}},{"start":{"line":644,"column":26},"end":{"line":655,"column":null}}],"line":643}},"s":{"0":1,"1":11,"2":11,"3":11,"4":0,"5":0,"6":11,"7":11,"8":0,"9":11,"10":11,"11":11,"12":11,"13":11,"14":11,"15":11,"16":11,"17":11,"18":11,"19":11,"20":11,"21":11,"22":11,"23":11,"24":11,"25":11,"26":11,"27":11,"28":11,"29":11,"30":11,"31":11,"32":11,"33":11,"34":11,"35":11,"36":11,"37":11,"38":11,"39":11,"40":11,"41":11,"42":0,"43":11,"44":11,"45":11,"46":0,"47":11,"48":0,"49":11,"50":0,"51":11,"52":11,"53":0,"54":11,"55":11,"56":11,"57":11,"58":11,"59":11,"60":66,"61":66,"62":66,"63":66,"64":66,"65":11,"66":66,"67":11,"68":11,"69":11,"70":11,"71":0,"72":0,"73":0,"74":0,"75":0,"76":0,"77":0,"78":0,"79":0,"80":0,"81":0,"82":33,"83":22},"f":{"0":11,"1":0,"2":0,"3":11,"4":11,"5":11,"6":0,"7":0,"8":0,"9":0,"10":0,"11":0,"12":0,"13":0,"14":0,"15":0,"16":0,"17":33,"18":22},"b":{"0":[0,11],"1":[11,11],"2":[11,11],"3":[11,11],"4":[11,11],"5":[11,11],"6":[11,11],"7":[11,11],"8":[11,11],"9":[11,11],"10":[0,11],"11":[0,11],"12":[0,11],"13":[0,11],"14":[0,11],"15":[0,0],"16":[11,55],"17":[66,22],"18":[0,11],"19":[11,0],"20":[11,11],"21":[11,0],"22":[0,0],"23":[11,0],"24":[0,0],"25":[11,0],"26":[11,0],"27":[11,11,11,0],"28":[0,0],"29":[0,0],"30":[0,0],"31":[0,0],"32":[11,0],"33":[11,11],"34":[0,0],"35":[0,0],"36":[11,11],"37":[11,11],"38":[11,11]},"meta":{"lastBranch":39,"lastFunction":19,"lastStatement":84,"seen":{"s:10:21:117:Infinity":0,"f:119:24:119:30":0,"s:120:46:120:Infinity":1,"s:121:28:131:Infinity":2,"s:133:29:135:Infinity":3,"f:133:29:133:30":1,"s:134:4:134:Infinity":4,"f:134:15:134:16":2,"s:134:26:134:54":5,"s:137:33:198:Infinity":6,"f:137:33:137:39":3,"b:138:4:138:Infinity:undefined:undefined:undefined:undefined":0,"s:138:4:138:Infinity":7,"s:138:27:138:Infinity":8,"s:140:21:140:Infinity":9,"s:142:24:142:Infinity":10,"b:142:24:142:60:142:60:142:Infinity":1,"s:143:26:143:Infinity":11,"b:143:26:143:64:143:64:143:Infinity":2,"s:144:29:144:Infinity":12,"b:144:29:144:70:144:70:144:Infinity":3,"s:145:29:145:Infinity":13,"b:145:29:145:70:145:70:145:Infinity":4,"s:146:29:146:Infinity":14,"b:146:29:146:70:146:70:146:Infinity":5,"s:147:29:147:Infinity":15,"b:147:29:147:70:147:70:147:Infinity":6,"s:148:27:148:Infinity":16,"b:148:27:148:66:148:66:148:Infinity":7,"s:149:27:149:Infinity":17,"b:149:27:149:66:149:66:149:Infinity":8,"s:150:23:150:Infinity":18,"b:150:23:150:58:150:58:150:Infinity":9,"s:152:24:152:Infinity":19,"s:153:24:153:Infinity":20,"s:154:26:154:Infinity":21,"s:155:29:155:Infinity":22,"s:156:29:156:Infinity":23,"s:157:29:157:Infinity":24,"s:158:29:158:Infinity":25,"s:159:27:159:Infinity":26,"s:160:27:160:Infinity":27,"s:161:23:161:Infinity":28,"s:164:6:173:Infinity":29,"s:176:6:177:Infinity":30,"s:179:28:179:Infinity":31,"s:181:23:181:Infinity":32,"s:182:19:182:Infinity":33,"s:185:25:185:Infinity":34,"s:187:4:197:Infinity":35,"s:201:35:264:Infinity":36,"f:201:35:201:36":4,"s:202:26:202:Infinity":37,"s:203:21:203:Infinity":38,"s:204:28:204:Infinity":39,"s:207:30:207:Infinity":40,"b:208:4:214:Infinity:undefined:undefined:undefined:undefined":10,"s:208:4:214:Infinity":41,"s:209:6:213:Infinity":42,"s:217:28:217:Infinity":43,"s:218:24:218:Infinity":44,"b:220:4:226:Infinity:undefined:undefined:undefined:undefined":11,"s:220:4:226:Infinity":45,"s:221:6:225:Infinity":46,"b:228:4:234:Infinity:undefined:undefined:undefined:undefined":12,"s:228:4:234:Infinity":47,"s:229:6:233:Infinity":48,"b:237:4:242:Infinity:undefined:undefined:undefined:undefined":13,"s:237:4:242:Infinity":49,"s:238:6:241:Infinity":50,"s:245:28:245:Infinity":51,"b:246:4:252:Infinity:undefined:undefined:undefined:undefined":14,"s:246:4:252:Infinity":52,"s:247:6:251:Infinity":53,"b:249:67:249:96:249:96:249:107":15,"s:254:4:263:Infinity":54,"s:267:28:284:Infinity":55,"f:267:28:267:29":5,"s:268:17:268:Infinity":56,"s:269:12:269:Infinity":57,"s:271:4:281:Infinity":58,"s:271:17:271:20":59,"s:272:17:272:Infinity":60,"s:273:17:273:Infinity":61,"s:274:17:274:Infinity":62,"s:275:17:275:Infinity":63,"b:277:6:279:Infinity:undefined:undefined:undefined:undefined":16,"s:277:6:279:Infinity":64,"b:277:12:277:48:277:48:277:98":17,"s:278:8:278:Infinity":65,"s:280:6:280:Infinity":66,"s:283:4:283:Infinity":67,"s:286:18:286:Infinity":68,"s:288:26:290:Infinity":69,"s:292:2:671:Infinity":70,"f:333:30:333:31":6,"s:333:37:333:Infinity":71,"f:343:30:343:31":7,"s:343:37:343:Infinity":72,"f:356:30:356:31":8,"s:356:37:356:Infinity":73,"f:366:30:366:31":9,"s:366:37:366:Infinity":74,"f:379:30:379:31":10,"s:379:37:379:Infinity":75,"f:389:30:389:31":11,"s:389:37:389:Infinity":76,"f:402:30:402:31":12,"s:402:37:402:Infinity":77,"f:412:30:412:31":13,"s:412:37:412:Infinity":78,"f:424:28:424:29":14,"s:424:35:424:Infinity":79,"b:437:16:440:Infinity:441:18:666:Infinity":18,"b:442:16:665:Infinity:666:18:666:Infinity":19,"b:457:23:457:Infinity:458:24:482:Infinity":20,"b:474:98:474:Infinity:475:37:475:Infinity":21,"b:475:95:475:109:475:109:475:Infinity":22,"b:478:90:478:Infinity:479:31:479:Infinity":23,"b:479:89:479:101:479:101:479:Infinity":24,"b:495:26:498:Infinity:500:26:503:Infinity":25,"b:513:26:516:Infinity:518:26:521:Infinity":26,"b:530:19:530:44:530:44:530:88:530:88:530:Infinity:531:20:576:Infinity":27,"f:535:57:535:58":15,"s:536:24:552:Infinity":80,"b:539:58:539:Infinity:540:28:541:Infinity":28,"b:540:60:540:Infinity:541:28:541:Infinity":29,"b:546:60:546:Infinity:547:30:548:Infinity":30,"b:547:62:547:Infinity:548:30:548:Infinity":31,"f:556:64:556:65":16,"s:557:24:562:Infinity":81,"b:583:22:587:Infinity:589:22:596:Infinity":32,"b:582:21:582:43:582:43:582:Infinity":33,"b:593:27:593:50:593:50:593:Infinity":34,"b:594:27:594:46:594:46:594:Infinity":35,"b:616:19:616:Infinity:617:20:663:Infinity":36,"f:627:66:627:67":17,"s:628:30:628:Infinity":82,"b:632:25:632:Infinity:633:26:640:Infinity":37,"f:636:78:636:79":18,"s:637:32:637:Infinity":83,"b:643:25:643:Infinity:644:26:655:Infinity":38}}}
,"/home/node/WebstormProjects/wb-aviation/src/components/Badge.jsx": {"path":"/home/node/WebstormProjects/wb-aviation/src/components/Badge.jsx","statementMap":{"0":{"start":{"line":2,"column":19},"end":{"line":7,"column":null}},"1":{"start":{"line":9,"column":2},"end":{"line":12,"column":null}}},"fnMap":{"0":{"name":"Badge","decl":{"start":{"line":1,"column":16},"end":{"line":1,"column":22}},"loc":{"start":{"line":1,"column":73},"end":{"line":14,"column":null}},"line":1}},"branchMap":{"0":{"loc":{"start":{"line":1,"column":34},"end":{"line":1,"column":55}},"type":"default-arg","locations":[{"start":{"line":1,"column":44},"end":{"line":1,"column":55}}],"line":1},"1":{"loc":{"start":{"line":1,"column":55},"end":{"line":1,"column":70}},"type":"default-arg","locations":[{"start":{"line":1,"column":67},"end":{"line":1,"column":70}}],"line":1}},"s":{"0":39,"1":39},"f":{"0":39},"b":{"0":[39],"1":[39]},"meta":{"lastBranch":2,"lastFunction":1,"lastStatement":2,"seen":{"f:1:16:1:22":0,"b:1:44:1:55":0,"b:1:67:1:70":1,"s:2:19:7:Infinity":0,"s:9:2:12:Infinity":1}}}
,"/home/node/WebstormProjects/wb-aviation/src/components/CGEnvelopeChart.jsx": {"path":"/home/node/WebstormProjects/wb-aviation/src/components/CGEnvelopeChart.jsx","statementMap":{"0":{"start":{"line":19,"column":25},"end":{"line":19,"column":null}},"1":{"start":{"line":22,"column":23},"end":{"line":26,"column":null}},"2":{"start":{"line":23,"column":36},"end":{"line":23,"column":70}},"3":{"start":{"line":29,"column":27},"end":{"line":31,"column":null}},"4":{"start":{"line":34,"column":24},"end":{"line":46,"column":null}},"5":{"start":{"line":35,"column":4},"end":{"line":44,"column":null}},"6":{"start":{"line":36,"column":19},"end":{"line":36,"column":null}},"7":{"start":{"line":37,"column":6},"end":{"line":42,"column":null}},"8":{"start":{"line":45,"column":4},"end":{"line":45,"column":null}},"9":{"start":{"line":48,"column":2},"end":{"line":135,"column":null}},"10":{"start":{"line":102,"column":40},"end":{"line":102,"column":null}},"11":{"start":{"line":122,"column":27},"end":{"line":122,"column":null}}},"fnMap":{"0":{"name":"CGEnvelopeChart","decl":{"start":{"line":17,"column":16},"end":{"line":17,"column":32}},"loc":{"start":{"line":17,"column":72},"end":{"line":137,"column":null}},"line":17},"1":{"name":"(anonymous_1)","decl":{"start":{"line":23,"column":26},"end":{"line":23,"column":36}},"loc":{"start":{"line":23,"column":36},"end":{"line":23,"column":70}},"line":23},"2":{"name":"(anonymous_2)","decl":{"start":{"line":34,"column":24},"end":{"line":34,"column":25}},"loc":{"start":{"line":34,"column":56},"end":{"line":46,"column":null}},"line":34},"3":{"name":"(anonymous_3)","decl":{"start":{"line":102,"column":29},"end":{"line":102,"column":30}},"loc":{"start":{"line":102,"column":40},"end":{"line":102,"column":null}},"line":102},"4":{"name":"(anonymous_4)","decl":{"start":{"line":122,"column":21},"end":{"line":122,"column":27}},"loc":{"start":{"line":122,"column":27},"end":{"line":122,"column":null}},"line":122}},"branchMap":{"0":{"loc":{"start":{"line":35,"column":4},"end":{"line":44,"column":null}},"type":"if","locations":[{"start":{"line":35,"column":4},"end":{"line":44,"column":null}},{"start":{},"end":{}}],"line":35},"1":{"loc":{"start":{"line":35,"column":8},"end":{"line":35,"column":45}},"type":"binary-expr","locations":[{"start":{"line":35,"column":8},"end":{"line":35,"column":18}},{"start":{"line":35,"column":18},"end":{"line":35,"column":29}},{"start":{"line":35,"column":29},"end":{"line":35,"column":45}}],"line":35}},"s":{"0":11,"1":11,"2":66,"3":11,"4":11,"5":0,"6":0,"7":0,"8":0,"9":11,"10":0,"11":0},"f":{"0":11,"1":66,"2":0,"3":0,"4":0},"b":{"0":[0,0],"1":[0,0,0]},"meta":{"lastBranch":2,"lastFunction":5,"lastStatement":12,"seen":{"f:17:16:17:32":0,"s:19:25:19:Infinity":0,"s:22:23:26:Infinity":1,"f:23:26:23:36":1,"s:23:36:23:70":2,"s:29:27:31:Infinity":3,"s:34:24:46:Infinity":4,"f:34:24:34:25":2,"b:35:4:44:Infinity:undefined:undefined:undefined:undefined":0,"s:35:4:44:Infinity":5,"b:35:8:35:18:35:18:35:29:35:29:35:45":1,"s:36:19:36:Infinity":6,"s:37:6:42:Infinity":7,"s:45:4:45:Infinity":8,"s:48:2:135:Infinity":9,"f:102:29:102:30":3,"s:102:40:102:Infinity":10,"f:122:21:122:27":4,"s:122:27:122:Infinity":11}}}
,"/home/node/WebstormProjects/wb-aviation/src/components/Card.jsx": {"path":"/home/node/WebstormProjects/wb-aviation/src/components/Card.jsx","statementMap":{"0":{"start":{"line":2,"column":2},"end":{"line":5,"column":null}},"1":{"start":{"line":10,"column":2},"end":{"line":13,"column":null}},"2":{"start":{"line":18,"column":2},"end":{"line":21,"column":null}},"3":{"start":{"line":26,"column":2},"end":{"line":29,"column":null}},"4":{"start":{"line":34,"column":2},"end":{"line":37,"column":null}}},"fnMap":{"0":{"name":"Card","decl":{"start":{"line":1,"column":16},"end":{"line":1,"column":21}},"loc":{"start":{"line":1,"column":51},"end":{"line":7,"column":null}},"line":1},"1":{"name":"CardHeader","decl":{"start":{"line":9,"column":16},"end":{"line":9,"column":27}},"loc":{"start":{"line":9,"column":57},"end":{"line":15,"column":null}},"line":9},"2":{"name":"CardTitle","decl":{"start":{"line":17,"column":16},"end":{"line":17,"column":26}},"loc":{"start":{"line":17,"column":56},"end":{"line":23,"column":null}},"line":17},"3":{"name":"CardDescription","decl":{"start":{"line":25,"column":16},"end":{"line":25,"column":32}},"loc":{"start":{"line":25,"column":62},"end":{"line":31,"column":null}},"line":25},"4":{"name":"CardContent","decl":{"start":{"line":33,"column":16},"end":{"line":33,"column":28}},"loc":{"start":{"line":33,"column":58},"end":{"line":39,"column":null}},"line":33}},"branchMap":{"0":{"loc":{"start":{"line":1,"column":33},"end":{"line":1,"column":48}},"type":"default-arg","locations":[{"start":{"line":1,"column":45},"end":{"line":1,"column":48}}],"line":1},"1":{"loc":{"start":{"line":9,"column":39},"end":{"line":9,"column":54}},"type":"default-arg","locations":[{"start":{"line":9,"column":51},"end":{"line":9,"column":54}}],"line":9},"2":{"loc":{"start":{"line":17,"column":38},"end":{"line":17,"column":53}},"type":"default-arg","locations":[{"start":{"line":17,"column":50},"end":{"line":17,"column":53}}],"line":17},"3":{"loc":{"start":{"line":25,"column":44},"end":{"line":25,"column":59}},"type":"default-arg","locations":[{"start":{"line":25,"column":56},"end":{"line":25,"column":59}}],"line":25},"4":{"loc":{"start":{"line":33,"column":40},"end":{"line":33,"column":55}},"type":"default-arg","locations":[{"start":{"line":33,"column":52},"end":{"line":33,"column":55}}],"line":33}},"s":{"0":25,"1":25,"2":25,"3":25,"4":25},"f":{"0":25,"1":25,"2":25,"3":25,"4":25},"b":{"0":[25],"1":[25],"2":[25],"3":[25],"4":[25]},"meta":{"lastBranch":5,"lastFunction":5,"lastStatement":5,"seen":{"f:1:16:1:21":0,"b:1:45:1:48":0,"s:2:2:5:Infinity":0,"f:9:16:9:27":1,"b:9:51:9:54":1,"s:10:2:13:Infinity":1,"f:17:16:17:26":2,"b:17:50:17:53":2,"s:18:2:21:Infinity":2,"f:25:16:25:32":3,"b:25:56:25:59":3,"s:26:2:29:Infinity":3,"f:33:16:33:28":4,"b:33:52:33:55":4,"s:34:2:37:Infinity":4}}}
,"/home/node/WebstormProjects/wb-aviation/src/components/Input.jsx": {"path":"/home/node/WebstormProjects/wb-aviation/src/components/Input.jsx","statementMap":{"0":{"start":{"line":2,"column":2},"end":{"line":6,"column":null}},"1":{"start":{"line":11,"column":2},"end":{"line":17,"column":null}}},"fnMap":{"0":{"name":"Input","decl":{"start":{"line":1,"column":16},"end":{"line":1,"column":22}},"loc":{"start":{"line":1,"column":52},"end":{"line":8,"column":null}},"line":1},"1":{"name":"Label","decl":{"start":{"line":10,"column":16},"end":{"line":10,"column":22}},"loc":{"start":{"line":10,"column":61},"end":{"line":19,"column":null}},"line":10}},"branchMap":{"0":{"loc":{"start":{"line":1,"column":24},"end":{"line":1,"column":40}},"type":"default-arg","locations":[{"start":{"line":1,"column":36},"end":{"line":1,"column":40}}],"line":1},"1":{"loc":{"start":{"line":10,"column":43},"end":{"line":10,"column":58}},"type":"default-arg","locations":[{"start":{"line":10,"column":55},"end":{"line":10,"column":58}}],"line":10}},"s":{"0":107,"1":115},"f":{"0":107,"1":115},"b":{"0":[107],"1":[115]},"meta":{"lastBranch":2,"lastFunction":2,"lastStatement":2,"seen":{"f:1:16:1:22":0,"b:1:36:1:40":0,"s:2:2:6:Infinity":0,"f:10:16:10:22":1,"b:10:55:10:58":1,"s:11:2:17:Infinity":1}}}
,"/home/node/WebstormProjects/wb-aviation/src/components/Select.jsx": {"path":"/home/node/WebstormProjects/wb-aviation/src/components/Select.jsx","statementMap":{"0":{"start":{"line":5,"column":26},"end":{"line":5,"column":null}},"1":{"start":{"line":7,"column":2},"end":{"line":10,"column":null}},"2":{"start":{"line":15,"column":2},"end":{"line":23,"column":null}},"3":{"start":{"line":28,"column":25},"end":{"line":28,"column":null}},"4":{"start":{"line":28,"column":45},"end":{"line":28,"column":64}},"5":{"start":{"line":29,"column":2},"end":{"line":32,"column":null}},"6":{"start":{"line":37,"column":2},"end":{"line":37,"column":null}},"7":{"start":{"line":37,"column":15},"end":{"line":37,"column":null}},"8":{"start":{"line":39,"column":2},"end":{"line":42,"column":null}},"9":{"start":{"line":47,"column":2},"end":{"line":53,"column":null}},"10":{"start":{"line":50,"column":21},"end":{"line":50,"column":null}},"11":{"start":{"line":58,"column":26},"end":{"line":58,"column":null}},"12":{"start":{"line":60,"column":2},"end":{"line":79,"column":null}},"13":{"start":{"line":62,"column":36},"end":{"line":62,"column":null}},"14":{"start":{"line":67,"column":10},"end":{"line":76,"column":null}},"15":{"start":{"line":71,"column":14},"end":{"line":71,"column":null}},"16":{"start":{"line":72,"column":14},"end":{"line":72,"column":null}}},"fnMap":{"0":{"name":"Select","decl":{"start":{"line":4,"column":16},"end":{"line":4,"column":23}},"loc":{"start":{"line":4,"column":59},"end":{"line":12,"column":null}},"line":4},"1":{"name":"SelectTrigger","decl":{"start":{"line":14,"column":16},"end":{"line":14,"column":30}},"loc":{"start":{"line":14,"column":53},"end":{"line":25,"column":null}},"line":14},"2":{"name":"SelectValue","decl":{"start":{"line":27,"column":16},"end":{"line":27,"column":28}},"loc":{"start":{"line":27,"column":66},"end":{"line":34,"column":null}},"line":27},"3":{"name":"(anonymous_3)","decl":{"start":{"line":28,"column":38},"end":{"line":28,"column":45}},"loc":{"start":{"line":28,"column":45},"end":{"line":28,"column":64}},"line":28},"4":{"name":"SelectContent","decl":{"start":{"line":36,"column":16},"end":{"line":36,"column":30}},"loc":{"start":{"line":36,"column":52},"end":{"line":44,"column":null}},"line":36},"5":{"name":"SelectItem","decl":{"start":{"line":46,"column":16},"end":{"line":46,"column":27}},"loc":{"start":{"line":46,"column":58},"end":{"line":55,"column":null}},"line":46},"6":{"name":"(anonymous_6)","decl":{"start":{"line":50,"column":15},"end":{"line":50,"column":21}},"loc":{"start":{"line":50,"column":21},"end":{"line":50,"column":null}},"line":50},"7":{"name":"SimpleSelect","decl":{"start":{"line":57,"column":16},"end":{"line":57,"column":29}},"loc":{"start":{"line":57,"column":77},"end":{"line":81,"column":null}},"line":57},"8":{"name":"(anonymous_8)","decl":{"start":{"line":62,"column":30},"end":{"line":62,"column":36}},"loc":{"start":{"line":62,"column":36},"end":{"line":62,"column":null}},"line":62},"9":{"name":"(anonymous_9)","decl":{"start":{"line":66,"column":21},"end":{"line":66,"column":null}},"loc":{"start":{"line":67,"column":10},"end":{"line":76,"column":null}},"line":67},"10":{"name":"(anonymous_10)","decl":{"start":{"line":70,"column":22},"end":{"line":70,"column":23}},"loc":{"start":{"line":70,"column":31},"end":{"line":73,"column":null}},"line":70}},"branchMap":{"0":{"loc":{"start":{"line":27,"column":50},"end":{"line":27,"column":63}},"type":"default-arg","locations":[{"start":{"line":27,"column":60},"end":{"line":27,"column":63}}],"line":27},"1":{"loc":{"start":{"line":30,"column":21},"end":{"line":30,"column":null}},"type":"cond-expr","locations":[{"start":{"line":30,"column":39},"end":{"line":30,"column":57}},{"start":{"line":30,"column":57},"end":{"line":30,"column":null}}],"line":30},"2":{"loc":{"start":{"line":31,"column":7},"end":{"line":31,"column":null}},"type":"cond-expr","locations":[{"start":{"line":31,"column":24},"end":{"line":31,"column":47}},{"start":{"line":31,"column":47},"end":{"line":31,"column":null}}],"line":31},"3":{"loc":{"start":{"line":37,"column":2},"end":{"line":37,"column":null}},"type":"if","locations":[{"start":{"line":37,"column":2},"end":{"line":37,"column":null}},{"start":{},"end":{}}],"line":37}},"s":{"0":2,"1":2,"2":25,"3":25,"4":46,"5":25,"6":24,"7":19,"8":5,"9":12,"10":3,"11":21,"12":21,"13":3,"14":41,"15":2,"16":2},"f":{"0":2,"1":25,"2":25,"3":46,"4":24,"5":12,"6":3,"7":21,"8":3,"9":41,"10":2},"b":{"0":[25],"1":[11,14],"2":[14,11],"3":[19,5]},"meta":{"lastBranch":4,"lastFunction":11,"lastStatement":17,"seen":{"f:4:16:4:23":0,"s:5:26:5:Infinity":0,"s:7:2:10:Infinity":1,"f:14:16:14:30":1,"s:15:2:23:Infinity":2,"f:27:16:27:28":2,"b:27:60:27:63":0,"s:28:25:28:Infinity":3,"f:28:38:28:45":3,"s:28:45:28:64":4,"s:29:2:32:Infinity":5,"b:30:39:30:57:30:57:30:Infinity":1,"b:31:24:31:47:31:47:31:Infinity":2,"f:36:16:36:30":4,"b:37:2:37:Infinity:undefined:undefined:undefined:undefined":3,"s:37:2:37:Infinity":6,"s:37:15:37:Infinity":7,"s:39:2:42:Infinity":8,"f:46:16:46:27":5,"s:47:2:53:Infinity":9,"f:50:15:50:21":6,"s:50:21:50:Infinity":10,"f:57:16:57:29":7,"s:58:26:58:Infinity":11,"s:60:2:79:Infinity":12,"f:62:30:62:36":8,"s:62:36:62:Infinity":13,"f:66:21:66:Infinity":9,"s:67:10:76:Infinity":14,"f:70:22:70:23":10,"s:71:14:71:Infinity":15,"s:72:14:72:Infinity":16}}}
,"/home/node/WebstormProjects/wb-aviation/src/components/Separator.jsx": {"path":"/home/node/WebstormProjects/wb-aviation/src/components/Separator.jsx","statementMap":{"0":{"start":{"line":2,"column":2},"end":{"line":7,"column":null}}},"fnMap":{"0":{"name":"Separator","decl":{"start":{"line":1,"column":16},"end":{"line":1,"column":26}},"loc":{"start":{"line":1,"column":74},"end":{"line":9,"column":null}},"line":1}},"branchMap":{"0":{"loc":{"start":{"line":1,"column":28},"end":{"line":1,"column":56}},"type":"default-arg","locations":[{"start":{"line":1,"column":42},"end":{"line":1,"column":56}}],"line":1},"1":{"loc":{"start":{"line":1,"column":56},"end":{"line":1,"column":71}},"type":"default-arg","locations":[{"start":{"line":1,"column":68},"end":{"line":1,"column":71}}],"line":1},"2":{"loc":{"start":{"line":5,"column":8},"end":{"line":5,"column":null}},"type":"cond-expr","locations":[{"start":{"line":5,"column":39},"end":{"line":5,"column":58}},{"start":{"line":5,"column":58},"end":{"line":5,"column":null}}],"line":5}},"s":{"0":60},"f":{"0":60},"b":{"0":[60],"1":[60],"2":[59,1]},"meta":{"lastBranch":3,"lastFunction":1,"lastStatement":1,"seen":{"f:1:16:1:26":0,"b:1:42:1:56":0,"b:1:68:1:71":1,"s:2:2:7:Infinity":0,"b:5:39:5:58:5:58:5:Infinity":2}}}
,"/home/node/WebstormProjects/wb-aviation/src/utils/calculations.js": {"path":"/home/node/WebstormProjects/wb-aviation/src/utils/calculations.js","statementMap":{"0":{"start":{"line":14,"column":15},"end":{"line":14,"column":null}},"1":{"start":{"line":15,"column":10},"end":{"line":15,"column":null}},"2":{"start":{"line":17,"column":2},"end":{"line":27,"column":null}},"3":{"start":{"line":17,"column":15},"end":{"line":17,"column":16}},"4":{"start":{"line":18,"column":15},"end":{"line":18,"column":null}},"5":{"start":{"line":19,"column":15},"end":{"line":19,"column":null}},"6":{"start":{"line":20,"column":15},"end":{"line":20,"column":null}},"7":{"start":{"line":21,"column":15},"end":{"line":21,"column":null}},"8":{"start":{"line":23,"column":4},"end":{"line":25,"column":null}},"9":{"start":{"line":24,"column":6},"end":{"line":24,"column":null}},"10":{"start":{"line":26,"column":4},"end":{"line":26,"column":null}},"11":{"start":{"line":29,"column":2},"end":{"line":29,"column":null}},"12":{"start":{"line":39,"column":2},"end":{"line":39,"column":null}},"13":{"start":{"line":39,"column":17},"end":{"line":39,"column":null}},"14":{"start":{"line":42,"column":22},"end":{"line":42,"column":null}},"15":{"start":{"line":43,"column":24},"end":{"line":43,"column":null}},"16":{"start":{"line":44,"column":27},"end":{"line":44,"column":null}},"17":{"start":{"line":45,"column":27},"end":{"line":45,"column":null}},"18":{"start":{"line":46,"column":27},"end":{"line":46,"column":null}},"19":{"start":{"line":47,"column":27},"end":{"line":47,"column":null}},"20":{"start":{"line":48,"column":25},"end":{"line":48,"column":null}},"21":{"start":{"line":49,"column":25},"end":{"line":49,"column":null}},"22":{"start":{"line":50,"column":21},"end":{"line":50,"column":null}},"23":{"start":{"line":53,"column":22},"end":{"line":53,"column":null}},"24":{"start":{"line":54,"column":22},"end":{"line":54,"column":null}},"25":{"start":{"line":55,"column":24},"end":{"line":55,"column":null}},"26":{"start":{"line":56,"column":27},"end":{"line":56,"column":null}},"27":{"start":{"line":57,"column":27},"end":{"line":57,"column":null}},"28":{"start":{"line":58,"column":27},"end":{"line":58,"column":null}},"29":{"start":{"line":59,"column":27},"end":{"line":59,"column":null}},"30":{"start":{"line":60,"column":25},"end":{"line":60,"column":null}},"31":{"start":{"line":61,"column":25},"end":{"line":61,"column":null}},"32":{"start":{"line":62,"column":21},"end":{"line":62,"column":null}},"33":{"start":{"line":66,"column":4},"end":{"line":75,"column":null}},"34":{"start":{"line":78,"column":4},"end":{"line":79,"column":null}},"35":{"start":{"line":82,"column":26},"end":{"line":82,"column":null}},"36":{"start":{"line":85,"column":21},"end":{"line":85,"column":null}},"37":{"start":{"line":86,"column":17},"end":{"line":86,"column":null}},"38":{"start":{"line":88,"column":2},"end":{"line":108,"column":null}},"39":{"start":{"line":119,"column":24},"end":{"line":119,"column":null}},"40":{"start":{"line":120,"column":19},"end":{"line":120,"column":null}},"41":{"start":{"line":121,"column":26},"end":{"line":121,"column":null}},"42":{"start":{"line":124,"column":27},"end":{"line":124,"column":null}},"43":{"start":{"line":125,"column":2},"end":{"line":131,"column":null}},"44":{"start":{"line":126,"column":4},"end":{"line":130,"column":null}},"45":{"start":{"line":134,"column":26},"end":{"line":134,"column":null}},"46":{"start":{"line":135,"column":22},"end":{"line":135,"column":null}},"47":{"start":{"line":137,"column":2},"end":{"line":143,"column":null}},"48":{"start":{"line":138,"column":4},"end":{"line":142,"column":null}},"49":{"start":{"line":145,"column":2},"end":{"line":151,"column":null}},"50":{"start":{"line":146,"column":4},"end":{"line":150,"column":null}},"51":{"start":{"line":154,"column":2},"end":{"line":159,"column":null}},"52":{"start":{"line":155,"column":4},"end":{"line":158,"column":null}},"53":{"start":{"line":162,"column":26},"end":{"line":162,"column":null}},"54":{"start":{"line":163,"column":2},"end":{"line":169,"column":null}},"55":{"start":{"line":164,"column":4},"end":{"line":168,"column":null}},"56":{"start":{"line":171,"column":2},"end":{"line":180,"column":null}}},"fnMap":{"0":{"name":"isPointInEnvelope","decl":{"start":{"line":13,"column":16},"end":{"line":13,"column":33}},"loc":{"start":{"line":13,"column":62},"end":{"line":30,"column":null}},"line":13},"1":{"name":"calculateWeightBalance","decl":{"start":{"line":38,"column":16},"end":{"line":38,"column":38}},"loc":{"start":{"line":38,"column":58},"end":{"line":109,"column":null}},"line":38},"2":{"name":"validateSafetyConditions","decl":{"start":{"line":118,"column":16},"end":{"line":118,"column":40}},"loc":{"start":{"line":118,"column":81},"end":{"line":181,"column":null}},"line":118}},"branchMap":{"0":{"loc":{"start":{"line":23,"column":4},"end":{"line":25,"column":null}},"type":"if","locations":[{"start":{"line":23,"column":4},"end":{"line":25,"column":null}},{"start":{},"end":{}}],"line":23},"1":{"loc":{"start":{"line":23,"column":8},"end":{"line":23,"column":94}},"type":"binary-expr","locations":[{"start":{"line":23,"column":9},"end":{"line":23,"column":40}},{"start":{"line":23,"column":46},"end":{"line":23,"column":93}}],"line":23},"2":{"loc":{"start":{"line":39,"column":2},"end":{"line":39,"column":null}},"type":"if","locations":[{"start":{"line":39,"column":2},"end":{"line":39,"column":null}},{"start":{},"end":{}}],"line":39},"3":{"loc":{"start":{"line":42,"column":22},"end":{"line":42,"column":null}},"type":"binary-expr","locations":[{"start":{"line":42,"column":22},"end":{"line":42,"column":54}},{"start":{"line":42,"column":58},"end":{"line":42,"column":null}}],"line":42},"4":{"loc":{"start":{"line":43,"column":24},"end":{"line":43,"column":null}},"type":"binary-expr","locations":[{"start":{"line":43,"column":24},"end":{"line":43,"column":58}},{"start":{"line":43,"column":62},"end":{"line":43,"column":null}}],"line":43},"5":{"loc":{"start":{"line":44,"column":27},"end":{"line":44,"column":null}},"type":"binary-expr","locations":[{"start":{"line":44,"column":27},"end":{"line":44,"column":64}},{"start":{"line":44,"column":68},"end":{"line":44,"column":null}}],"line":44},"6":{"loc":{"start":{"line":45,"column":27},"end":{"line":45,"column":null}},"type":"binary-expr","locations":[{"start":{"line":45,"column":27},"end":{"line":45,"column":64}},{"start":{"line":45,"column":68},"end":{"line":45,"column":null}}],"line":45},"7":{"loc":{"start":{"line":46,"column":27},"end":{"line":46,"column":null}},"type":"binary-expr","locations":[{"start":{"line":46,"column":27},"end":{"line":46,"column":64}},{"start":{"line":46,"column":68},"end":{"line":46,"column":null}}],"line":46},"8":{"loc":{"start":{"line":47,"column":27},"end":{"line":47,"column":null}},"type":"binary-expr","locations":[{"start":{"line":47,"column":27},"end":{"line":47,"column":64}},{"start":{"line":47,"column":68},"end":{"line":47,"column":null}}],"line":47},"9":{"loc":{"start":{"line":48,"column":25},"end":{"line":48,"column":null}},"type":"binary-expr","locations":[{"start":{"line":48,"column":25},"end":{"line":48,"column":60}},{"start":{"line":48,"column":64},"end":{"line":48,"column":null}}],"line":48},"10":{"loc":{"start":{"line":49,"column":25},"end":{"line":49,"column":null}},"type":"binary-expr","locations":[{"start":{"line":49,"column":25},"end":{"line":49,"column":60}},{"start":{"line":49,"column":64},"end":{"line":49,"column":null}}],"line":49},"11":{"loc":{"start":{"line":50,"column":21},"end":{"line":50,"column":null}},"type":"binary-expr","locations":[{"start":{"line":50,"column":21},"end":{"line":50,"column":52}},{"start":{"line":50,"column":56},"end":{"line":50,"column":null}}],"line":50},"12":{"loc":{"start":{"line":125,"column":2},"end":{"line":131,"column":null}},"type":"if","locations":[{"start":{"line":125,"column":2},"end":{"line":131,"column":null}},{"start":{},"end":{}}],"line":125},"13":{"loc":{"start":{"line":137,"column":2},"end":{"line":143,"column":null}},"type":"if","locations":[{"start":{"line":137,"column":2},"end":{"line":143,"column":null}},{"start":{},"end":{}}],"line":137},"14":{"loc":{"start":{"line":145,"column":2},"end":{"line":151,"column":null}},"type":"if","locations":[{"start":{"line":145,"column":2},"end":{"line":151,"column":null}},{"start":{},"end":{}}],"line":145},"15":{"loc":{"start":{"line":154,"column":2},"end":{"line":159,"column":null}},"type":"if","locations":[{"start":{"line":154,"column":2},"end":{"line":159,"column":null}},{"start":{},"end":{}}],"line":154},"16":{"loc":{"start":{"line":163,"column":2},"end":{"line":169,"column":null}},"type":"if","locations":[{"start":{"line":163,"column":2},"end":{"line":169,"column":null}},{"start":{},"end":{}}],"line":163},"17":{"loc":{"start":{"line":166,"column":24},"end":{"line":166,"column":105}},"type":"cond-expr","locations":[{"start":{"line":166,"column":65},"end":{"line":166,"column":91}},{"start":{"line":166,"column":94},"end":{"line":166,"column":105}}],"line":166}},"s":{"0":18,"1":18,"2":18,"3":18,"4":78,"5":78,"6":78,"7":78,"8":78,"9":13,"10":78,"11":18,"12":11,"13":2,"14":9,"15":11,"16":11,"17":11,"18":11,"19":11,"20":11,"21":11,"22":11,"23":11,"24":11,"25":11,"26":11,"27":11,"28":11,"29":11,"30":11,"31":11,"32":11,"33":11,"34":11,"35":11,"36":11,"37":11,"38":11,"39":10,"40":10,"41":10,"42":10,"43":10,"44":3,"45":10,"46":10,"47":10,"48":2,"49":10,"50":1,"51":10,"52":3,"53":10,"54":10,"55":3,"56":10},"f":{"0":18,"1":11,"2":10},"b":{"0":[13,65],"1":[78,28],"2":[2,9],"3":[9,4],"4":[11,5],"5":[11,7],"6":[11,7],"7":[11,5],"8":[11,6],"9":[11,5],"10":[11,6],"11":[11,6],"12":[3,7],"13":[2,8],"14":[1,9],"15":[3,7],"16":[3,7],"17":[1,2]},"meta":{"lastBranch":18,"lastFunction":3,"lastStatement":57,"seen":{"f:13:16:13:33":0,"s:14:15:14:Infinity":0,"s:15:10:15:Infinity":1,"s:17:2:27:Infinity":2,"s:17:15:17:16":3,"s:18:15:18:Infinity":4,"s:19:15:19:Infinity":5,"s:20:15:20:Infinity":6,"s:21:15:21:Infinity":7,"b:23:4:25:Infinity:undefined:undefined:undefined:undefined":0,"s:23:4:25:Infinity":8,"b:23:9:23:40:23:46:23:93":1,"s:24:6:24:Infinity":9,"s:26:4:26:Infinity":10,"s:29:2:29:Infinity":11,"f:38:16:38:38":1,"b:39:2:39:Infinity:undefined:undefined:undefined:undefined":2,"s:39:2:39:Infinity":12,"s:39:17:39:Infinity":13,"s:42:22:42:Infinity":14,"b:42:22:42:54:42:58:42:Infinity":3,"s:43:24:43:Infinity":15,"b:43:24:43:58:43:62:43:Infinity":4,"s:44:27:44:Infinity":16,"b:44:27:44:64:44:68:44:Infinity":5,"s:45:27:45:Infinity":17,"b:45:27:45:64:45:68:45:Infinity":6,"s:46:27:46:Infinity":18,"b:46:27:46:64:46:68:46:Infinity":7,"s:47:27:47:Infinity":19,"b:47:27:47:64:47:68:47:Infinity":8,"s:48:25:48:Infinity":20,"b:48:25:48:60:48:64:48:Infinity":9,"s:49:25:49:Infinity":21,"b:49:25:49:60:49:64:49:Infinity":10,"s:50:21:50:Infinity":22,"b:50:21:50:52:50:56:50:Infinity":11,"s:53:22:53:Infinity":23,"s:54:22:54:Infinity":24,"s:55:24:55:Infinity":25,"s:56:27:56:Infinity":26,"s:57:27:57:Infinity":27,"s:58:27:58:Infinity":28,"s:59:27:59:Infinity":29,"s:60:25:60:Infinity":30,"s:61:25:61:Infinity":31,"s:62:21:62:Infinity":32,"s:66:4:75:Infinity":33,"s:78:4:79:Infinity":34,"s:82:26:82:Infinity":35,"s:85:21:85:Infinity":36,"s:86:17:86:Infinity":37,"s:88:2:108:Infinity":38,"f:118:16:118:40":2,"s:119:24:119:Infinity":39,"s:120:19:120:Infinity":40,"s:121:26:121:Infinity":41,"s:124:27:124:Infinity":42,"b:125:2:131:Infinity:undefined:undefined:undefined:undefined":12,"s:125:2:131:Infinity":43,"s:126:4:130:Infinity":44,"s:134:26:134:Infinity":45,"s:135:22:135:Infinity":46,"b:137:2:143:Infinity:undefined:undefined:undefined:undefined":13,"s:137:2:143:Infinity":47,"s:138:4:142:Infinity":48,"b:145:2:151:Infinity:undefined:undefined:undefined:undefined":14,"s:145:2:151:Infinity":49,"s:146:4:150:Infinity":50,"b:154:2:159:Infinity:undefined:undefined:undefined:undefined":15,"s:154:2:159:Infinity":51,"s:155:4:158:Infinity":52,"s:162:26:162:Infinity":53,"b:163:2:169:Infinity:undefined:undefined:undefined:undefined":16,"s:163:2:169:Infinity":54,"s:164:4:168:Infinity":55,"b:166:65:166:91:166:94:166:105":17,"s:171:2:180:Infinity":56}}}
}
